<?xml version="1.0" encoding="UTF-8"?>
<!-- Generated by org.testng.reporters.JUnitXMLReporter -->
<testsuite ignored="2" hostname="Manju12Yadav" failures="0" tests="1" name="Default test" time="0.07" errors="0" timestamp="2023-06-01T17:51:45 IST">
  <testcase classname="com.mavenPractice.StringOperations" name="removeDuplicate" time="0.011"/>
  <testcase classname="com.mavenPractice.StringOperations" name="pattern" time="0.0">
    <ignored/>
  </testcase> <!-- pattern -->
  <testcase classname="com.mavenPractice.StringOperations" name="countChar" time="0.0">
    <ignored/>
  </testcase> <!-- countChar -->
</testsuite> <!-- Default test -->
