<?xml version="1.0" encoding="UTF-8"?>
<testng-results ignored="2" total="3" passed="1" failed="0" skipped="0">
  <reporter-output>
  </reporter-output>
  <suite started-at="2023-06-01T17:51:45 IST" name="Default suite" finished-at="2023-06-01T17:51:45 IST" duration-ms="70">
    <groups>
    </groups>
    <test started-at="2023-06-01T17:51:45 IST" name="Default test" finished-at="2023-06-01T17:51:45 IST" duration-ms="70">
      <class name="com.mavenPractice.StringOperations">
        <test-method signature="removeDuplicate()[pri:0, instance:com.mavenPractice.StringOperations@78123e82]" started-at="2023-06-01T17:51:45 IST" name="removeDuplicate" finished-at="2023-06-01T17:51:45 IST" duration-ms="11" status="PASS">
          <reporter-output>
          </reporter-output>
        </test-method> <!-- removeDuplicate -->
      </class> <!-- com.mavenPractice.StringOperations -->
    </test> <!-- Default test -->
  </suite> <!-- Default suite -->
</testng-results>
