<?xml version="1.0" encoding="UTF-8"?>
<testng-results ignored="0" total="1" passed="1" failed="0" skipped="0">
  <reporter-output>
  </reporter-output>
  <suite started-at="2023-04-06T13:32:25 IST" name="Default suite" finished-at="2023-04-06T13:32:25 IST" duration-ms="72">
    <groups>
    </groups>
    <test started-at="2023-04-06T13:32:25 IST" name="Default test" finished-at="2023-04-06T13:32:25 IST" duration-ms="72">
      <class name="com.mavenPractice.ParameterTest">
        <test-method signature="test()[pri:0, instance:com.mavenPractice.ParameterTest@7e5afaa6]" started-at="2023-04-06T13:32:25 IST" name="test" finished-at="2023-04-06T13:32:25 IST" duration-ms="12" status="PASS">
          <reporter-output>
          </reporter-output>
        </test-method> <!-- test -->
      </class> <!-- com.mavenPractice.ParameterTest -->
    </test> <!-- Default test -->
  </suite> <!-- Default suite -->
</testng-results>
